Determining if the pthread_create exist failed with the following output:
Change Dir: /home/emil/Dropbox/UNI/MSc/ROVIProjekt/ROVIProjekt/Project_WorkCell_Cam/Project_WorkCell/SamplePluginPA10/build/CMakeFiles/CMakeTmp

Run Build Command:"/usr/bin/make" "cmTC_b4a09/fast"
/usr/bin/make -f CMakeFiles/cmTC_b4a09.dir/build.make CMakeFiles/cmTC_b4a09.dir/build
make[1]: Entering directory '/home/emil/Dropbox/UNI/MSc/ROVIProjekt/ROVIProjekt/Project_WorkCell_Cam/Project_WorkCell/SamplePluginPA10/build/CMakeFiles/CMakeTmp'
Building C object CMakeFiles/cmTC_b4a09.dir/CheckSymbolExists.c.o
/usr/bin/cc   -fPIC    -o CMakeFiles/cmTC_b4a09.dir/CheckSymbolExists.c.o   -c /home/emil/Dropbox/UNI/MSc/ROVIProjekt/ROVIProjekt/Project_WorkCell_Cam/Project_WorkCell/SamplePluginPA10/build/CMakeFiles/CMakeTmp/CheckSymbolExists.c
Linking C executable cmTC_b4a09
/usr/bin/cmake -E cmake_link_script CMakeFiles/cmTC_b4a09.dir/link.txt --verbose=1
/usr/bin/cc   -fPIC     -rdynamic CMakeFiles/cmTC_b4a09.dir/CheckSymbolExists.c.o  -o cmTC_b4a09 
/usr/bin/ld: CMakeFiles/cmTC_b4a09.dir/CheckSymbolExists.c.o: in function `main':
CheckSymbolExists.c:(.text+0x1b): undefined reference to `pthread_create'
collect2: error: ld returned 1 exit status
make[1]: *** [CMakeFiles/cmTC_b4a09.dir/build.make:87: cmTC_b4a09] Error 1
make[1]: Leaving directory '/home/emil/Dropbox/UNI/MSc/ROVIProjekt/ROVIProjekt/Project_WorkCell_Cam/Project_WorkCell/SamplePluginPA10/build/CMakeFiles/CMakeTmp'
make: *** [Makefile:121: cmTC_b4a09/fast] Error 2

File /home/emil/Dropbox/UNI/MSc/ROVIProjekt/ROVIProjekt/Project_WorkCell_Cam/Project_WorkCell/SamplePluginPA10/build/CMakeFiles/CMakeTmp/CheckSymbolExists.c:
/* */
#include <pthread.h>

int main(int argc, char** argv)
{
  (void)argv;
#ifndef pthread_create
  return ((int*)(&pthread_create))[argc];
#else
  (void)argc;
  return 0;
#endif
}

Determining if the function pthread_create exists in the pthreads failed with the following output:
Change Dir: /home/emil/Dropbox/UNI/MSc/ROVIProjekt/ROVIProjekt/Project_WorkCell_Cam/Project_WorkCell/SamplePluginPA10/build/CMakeFiles/CMakeTmp

Run Build Command:"/usr/bin/make" "cmTC_305d5/fast"
/usr/bin/make -f CMakeFiles/cmTC_305d5.dir/build.make CMakeFiles/cmTC_305d5.dir/build
make[1]: Entering directory '/home/emil/Dropbox/UNI/MSc/ROVIProjekt/ROVIProjekt/Project_WorkCell_Cam/Project_WorkCell/SamplePluginPA10/build/CMakeFiles/CMakeTmp'
Building C object CMakeFiles/cmTC_305d5.dir/CheckFunctionExists.c.o
/usr/bin/cc   -fPIC -DCHECK_FUNCTION_EXISTS=pthread_create   -o CMakeFiles/cmTC_305d5.dir/CheckFunctionExists.c.o   -c /usr/share/cmake-3.13/Modules/CheckFunctionExists.c
Linking C executable cmTC_305d5
/usr/bin/cmake -E cmake_link_script CMakeFiles/cmTC_305d5.dir/link.txt --verbose=1
/usr/bin/cc   -fPIC -DCHECK_FUNCTION_EXISTS=pthread_create    -rdynamic CMakeFiles/cmTC_305d5.dir/CheckFunctionExists.c.o  -o cmTC_305d5 -lpthreads 
/usr/bin/ld: cannot find -lpthreads
collect2: error: ld returned 1 exit status
make[1]: *** [CMakeFiles/cmTC_305d5.dir/build.make:87: cmTC_305d5] Error 1
make[1]: Leaving directory '/home/emil/Dropbox/UNI/MSc/ROVIProjekt/ROVIProjekt/Project_WorkCell_Cam/Project_WorkCell/SamplePluginPA10/build/CMakeFiles/CMakeTmp'
make: *** [Makefile:121: cmTC_305d5/fast] Error 2


